<?xml version="1.0" encoding="UTF-8"?>
<testng-results skipped="0" failed="0" ignored="0" total="1" passed="1">
  <reporter-output>
  </reporter-output>
  <suite name="Default suite" duration-ms="4554" started-at="2020-11-23T03:43:06Z" finished-at="2020-11-23T03:43:10Z">
    <groups>
      <group name="cucumber">
        <method signature="AbstractTestNGCucumberTests.feature(cucumber.api.testng.CucumberFeatureWrapper)[pri:0, instance:com.qa.wiremockproject.TestRunner@5383967b]" name="feature" class="cucumber.api.testng.AbstractTestNGCucumberTests"/>
      </group> <!-- cucumber -->
    </groups>
    <test name="Default test" duration-ms="4554" started-at="2020-11-23T03:43:06Z" finished-at="2020-11-23T03:43:10Z">
      <class name="com.qa.wiremockproject.TestRunner">
        <test-method status="PASS" signature="setUpClass()[pri:0, instance:com.qa.wiremockproject.TestRunner@5383967b]" name="setUpClass" is-config="true" duration-ms="282" started-at="2020-11-23T03:43:06Z" finished-at="2020-11-23T03:43:06Z">
          <reporter-output>
          </reporter-output>
        </test-method> <!-- setUpClass -->
        <test-method status="PASS" signature="feature(cucumber.api.testng.CucumberFeatureWrapper)[pri:0, instance:com.qa.wiremockproject.TestRunner@5383967b]" name="feature" duration-ms="4088" started-at="2020-11-23T03:43:06Z" description="Runs Cucumber Feature" data-provider="features" finished-at="2020-11-23T03:43:10Z">
          <params>
            <param index="0">
              <value>
                <![CDATA[Mobile Automation API Testing]]>
              </value>
            </param>
          </params>
          <reporter-output>
          </reporter-output>
        </test-method> <!-- feature -->
        <test-method status="PASS" signature="tearDownClass()[pri:0, instance:com.qa.wiremockproject.TestRunner@5383967b]" name="tearDownClass" is-config="true" duration-ms="88" started-at="2020-11-23T03:43:10Z" finished-at="2020-11-23T03:43:10Z">
          <reporter-output>
          </reporter-output>
        </test-method> <!-- tearDownClass -->
      </class> <!-- com.qa.wiremockproject.TestRunner -->
    </test> <!-- Default test -->
  </suite> <!-- Default suite -->
</testng-results>
